TN:
SF:src\ftpOperations.js
FN:5,(anonymous_0)
FN:18,(anonymous_1)
FN:56,(anonymous_2)
FN:58,(anonymous_3)
FN:67,(anonymous_4)
FN:74,(anonymous_5)
FN:82,(anonymous_6)
FN:86,(anonymous_7)
FN:92,(anonymous_8)
FN:109,(anonymous_9)
FN:122,(anonymous_10)
FN:130,(anonymous_11)
FN:137,(anonymous_12)
FN:144,(anonymous_13)
FN:148,(anonymous_14)
FN:162,(anonymous_15)
FN:164,(anonymous_16)
FN:179,(anonymous_17)
FN:180,(anonymous_18)
FN:193,(anonymous_19)
FN:211,(anonymous_20)
FN:212,(anonymous_21)
FN:213,(anonymous_22)
FN:220,(anonymous_23)
FN:246,(anonymous_24)
FN:279,(anonymous_25)
FN:293,(anonymous_26)
FN:341,(anonymous_27)
FN:362,(anonymous_28)
FN:393,(anonymous_29)
FN:408,(anonymous_30)
FN:417,(anonymous_31)
FN:437,(anonymous_32)
FN:458,(anonymous_33)
FN:461,(anonymous_34)
FN:469,(anonymous_35)
FN:471,(anonymous_36)
FN:479,(anonymous_37)
FN:491,(anonymous_38)
FN:504,(anonymous_39)
FN:510,(anonymous_40)
FN:517,(anonymous_41)
FN:530,(anonymous_42)
FN:567,(anonymous_43)
FN:575,(anonymous_44)
FN:576,(anonymous_45)
FN:577,(anonymous_46)
FN:582,(anonymous_47)
FN:608,(anonymous_48)
FN:627,(anonymous_49)
FN:630,(anonymous_50)
FN:635,(anonymous_51)
FN:665,(anonymous_52)
FN:667,(anonymous_53)
FN:672,(anonymous_54)
FN:673,(anonymous_55)
FN:682,(anonymous_56)
FN:694,(anonymous_57)
FN:701,(anonymous_58)
FN:720,(anonymous_59)
FN:725,(anonymous_60)
FN:734,(anonymous_61)
FN:748,(anonymous_62)
FN:805,(anonymous_63)
FN:828,(anonymous_64)
FN:838,(anonymous_65)
FN:846,(anonymous_66)
FNF:67
FNH:42
FNDA:24,(anonymous_0)
FNDA:24,(anonymous_1)
FNDA:24,(anonymous_2)
FNDA:0,(anonymous_3)
FNDA:0,(anonymous_4)
FNDA:0,(anonymous_5)
FNDA:0,(anonymous_6)
FNDA:0,(anonymous_7)
FNDA:0,(anonymous_8)
FNDA:24,(anonymous_9)
FNDA:1,(anonymous_10)
FNDA:1,(anonymous_11)
FNDA:0,(anonymous_12)
FNDA:1,(anonymous_13)
FNDA:0,(anonymous_14)
FNDA:2,(anonymous_15)
FNDA:4,(anonymous_16)
FNDA:0,(anonymous_17)
FNDA:0,(anonymous_18)
FNDA:0,(anonymous_19)
FNDA:8,(anonymous_20)
FNDA:2,(anonymous_21)
FNDA:2,(anonymous_22)
FNDA:1,(anonymous_23)
FNDA:14,(anonymous_24)
FNDA:0,(anonymous_25)
FNDA:0,(anonymous_26)
FNDA:0,(anonymous_27)
FNDA:6,(anonymous_28)
FNDA:3,(anonymous_29)
FNDA:0,(anonymous_30)
FNDA:1,(anonymous_31)
FNDA:1,(anonymous_32)
FNDA:0,(anonymous_33)
FNDA:0,(anonymous_34)
FNDA:1,(anonymous_35)
FNDA:0,(anonymous_36)
FNDA:7,(anonymous_37)
FNDA:7,(anonymous_38)
FNDA:1,(anonymous_39)
FNDA:1,(anonymous_40)
FNDA:2,(anonymous_41)
FNDA:3,(anonymous_42)
FNDA:3,(anonymous_43)
FNDA:3,(anonymous_44)
FNDA:2,(anonymous_45)
FNDA:2,(anonymous_46)
FNDA:3,(anonymous_47)
FNDA:1,(anonymous_48)
FNDA:2,(anonymous_49)
FNDA:2,(anonymous_50)
FNDA:1,(anonymous_51)
FNDA:1,(anonymous_52)
FNDA:0,(anonymous_53)
FNDA:0,(anonymous_54)
FNDA:0,(anonymous_55)
FNDA:0,(anonymous_56)
FNDA:12,(anonymous_57)
FNDA:2,(anonymous_58)
FNDA:0,(anonymous_59)
FNDA:0,(anonymous_60)
FNDA:4,(anonymous_61)
FNDA:4,(anonymous_62)
FNDA:3,(anonymous_63)
FNDA:2,(anonymous_64)
FNDA:1,(anonymous_65)
FNDA:0,(anonymous_66)
DA:1,1
DA:2,1
DA:6,24
DA:7,24
DA:8,24
DA:9,24
DA:10,24
DA:11,24
DA:12,24
DA:13,24
DA:14,24
DA:15,24
DA:19,24
DA:20,24
DA:22,24
DA:40,24
DA:42,24
DA:43,264
DA:44,0
DA:49,24
DA:52,0
DA:58,24
DA:59,0
DA:60,0
DA:62,0
DA:67,24
DA:68,0
DA:69,0
DA:70,0
DA:74,24
DA:75,0
DA:76,0
DA:77,0
DA:81,24
DA:82,24
DA:86,24
DA:87,0
DA:88,0
DA:92,24
DA:93,0
DA:94,0
DA:95,0
DA:96,0
DA:97,0
DA:98,0
DA:100,0
DA:101,0
DA:106,24
DA:110,24
DA:111,24
DA:112,24
DA:113,0
DA:114,0
DA:117,0
DA:118,0
DA:123,1
DA:124,1
DA:126,0
DA:131,1
DA:134,0
DA:137,0
DA:138,0
DA:139,0
DA:140,0
DA:145,1
DA:148,1
DA:151,1
DA:154,1
DA:155,0
DA:158,1
DA:159,1
DA:163,2
DA:164,2
DA:165,4
DA:166,4
DA:167,4
DA:168,4
DA:169,2
DA:171,2
DA:176,2
DA:180,0
DA:181,0
DA:182,0
DA:185,0
DA:186,0
DA:188,0
DA:192,0
DA:193,0
DA:195,0
DA:196,0
DA:197,0
DA:198,0
DA:199,0
DA:200,0
DA:201,0
DA:203,0
DA:204,0
DA:208,0
DA:212,8
DA:213,2
DA:214,2
DA:217,8
DA:221,1
DA:222,0
DA:226,1
DA:229,1
DA:230,1
DA:231,0
DA:235,1
DA:236,1
DA:237,0
DA:238,0
DA:239,0
DA:243,1
DA:247,14
DA:249,14
DA:250,14
DA:251,14
DA:253,14
DA:254,0
DA:255,0
DA:258,14
DA:261,14
DA:262,14
DA:263,14
DA:266,14
DA:267,5
DA:268,9
DA:269,2
DA:270,2
DA:271,2
DA:273,7
DA:274,7
DA:275,7
DA:280,0
DA:281,0
DA:282,0
DA:284,0
DA:285,0
DA:286,0
DA:288,0
DA:294,0
DA:295,0
DA:296,0
DA:300,0
DA:301,0
DA:302,0
DA:306,0
DA:308,0
DA:309,0
DA:310,0
DA:312,0
DA:313,0
DA:316,0
DA:323,0
DA:324,0
DA:325,0
DA:326,0
DA:329,0
DA:332,0
DA:333,0
DA:334,0
DA:337,0
DA:342,0
DA:344,0
DA:346,0
DA:347,0
DA:348,0
DA:349,0
DA:350,0
DA:352,0
DA:355,0
DA:358,0
DA:363,6
DA:365,4
DA:366,4
DA:368,4
DA:371,4
DA:372,3
DA:375,4
DA:376,4
DA:377,4
DA:378,4
DA:379,4
DA:381,4
DA:382,4
DA:394,3
DA:395,3
DA:406,3
DA:407,3
DA:408,3
DA:409,0
DA:418,1
DA:419,1
DA:421,1
DA:423,1
DA:424,0
DA:426,1
DA:429,0
DA:438,1
DA:439,1
DA:459,0
DA:460,0
DA:461,0
DA:470,1
DA:471,1
DA:472,0
DA:480,7
DA:481,7
DA:482,7
DA:483,4
DA:484,4
DA:493,7
DA:496,7
DA:499,4
DA:500,3
DA:504,1
DA:505,1
DA:506,0
DA:511,1
DA:514,1
DA:518,2
DA:519,2
DA:520,1
DA:521,1
DA:524,1
DA:525,1
DA:526,1
DA:527,1
DA:531,3
DA:532,3
DA:533,0
DA:537,0
DA:540,3
DA:541,3
DA:542,3
DA:543,3
DA:545,3
DA:546,3
DA:547,4
DA:548,4
DA:549,4
DA:550,2
DA:551,2
DA:556,1
DA:559,2
DA:560,2
DA:568,3
DA:569,3
DA:570,0
DA:572,3
DA:576,3
DA:577,2
DA:578,2
DA:583,3
DA:585,3
DA:586,3
DA:589,3
DA:590,3
DA:593,3
DA:594,3
DA:597,3
DA:598,3
DA:599,2
DA:600,1
DA:601,1
DA:602,1
DA:607,1
DA:608,1
DA:611,1
DA:612,1
DA:613,1
DA:616,2
DA:617,2
DA:618,2
DA:620,2
DA:628,2
DA:629,2
DA:630,2
DA:631,2
DA:633,2
DA:635,2
DA:636,1
DA:637,1
DA:638,1
DA:640,1
DA:641,1
DA:642,1
DA:643,1
DA:644,1
DA:645,1
DA:650,2
DA:652,1
DA:657,1
DA:658,1
DA:661,2
DA:667,1
DA:668,1
DA:671,1
DA:672,0
DA:673,0
DA:676,1
DA:677,1
DA:678,0
DA:680,1
DA:681,0
DA:682,0
DA:683,0
DA:688,1
DA:695,12
DA:696,12
DA:697,12
DA:698,12
DA:702,2
DA:705,2
DA:709,2
DA:710,2
DA:712,2
DA:713,0
DA:714,0
DA:717,2
DA:721,0
DA:722,0
DA:723,0
DA:725,0
DA:726,0
DA:727,0
DA:728,0
DA:731,0
DA:735,4
DA:736,1
DA:737,1
DA:739,3
DA:740,3
DA:741,3
DA:743,0
DA:749,4
DA:750,0
DA:751,0
DA:755,4
DA:756,3
DA:757,3
DA:761,1
DA:763,1
DA:765,1
DA:766,1
DA:767,1
DA:769,1
DA:770,0
DA:773,1
DA:780,1
DA:781,1
DA:782,1
DA:783,1
DA:786,1
DA:789,0
DA:790,0
DA:791,0
DA:793,0
DA:795,0
DA:801,1
DA:806,3
DA:808,3
DA:810,3
DA:811,3
DA:812,3
DA:813,3
DA:814,3
DA:816,3
DA:819,0
DA:821,3
DA:824,3
DA:829,2
DA:830,0
DA:833,2
DA:834,2
DA:835,2
DA:839,1
DA:840,1
DA:841,1
DA:842,1
DA:843,1
DA:847,0
DA:848,0
DA:853,1
LF:385
LH:249
BRDA:43,0,0,0
BRDA:43,0,1,264
BRDA:59,1,0,0
BRDA:59,1,1,0
BRDA:81,2,0,24
BRDA:81,2,1,0
BRDA:96,3,0,0
BRDA:96,3,1,0
BRDA:112,4,0,0
BRDA:112,4,1,24
BRDA:131,5,0,1
BRDA:131,5,1,0
BRDA:145,6,0,0
BRDA:145,6,1,1
BRDA:154,7,0,0
BRDA:154,7,1,1
BRDA:166,8,0,4
BRDA:166,8,1,0
BRDA:167,9,0,4
BRDA:167,9,1,0
BRDA:168,10,0,2
BRDA:168,10,1,2
BRDA:181,11,0,0
BRDA:181,11,1,0
BRDA:181,12,0,0
BRDA:181,12,1,0
BRDA:185,13,0,0
BRDA:185,13,1,0
BRDA:195,14,0,0
BRDA:195,14,1,0
BRDA:196,15,0,0
BRDA:196,15,1,0
BRDA:199,16,0,0
BRDA:199,16,1,0
BRDA:214,17,0,2
BRDA:214,17,1,2
BRDA:221,18,0,0
BRDA:221,18,1,1
BRDA:221,19,0,1
BRDA:221,19,1,1
BRDA:230,20,0,0
BRDA:230,20,1,1
BRDA:236,21,0,0
BRDA:236,21,1,1
BRDA:238,22,0,0
BRDA:238,22,1,0
BRDA:238,23,0,0
BRDA:238,23,1,0
BRDA:247,24,0,0
BRDA:247,24,1,14
BRDA:253,25,0,0
BRDA:253,25,1,14
BRDA:253,26,0,14
BRDA:253,26,1,14
BRDA:253,26,2,14
BRDA:266,27,0,5
BRDA:266,27,1,9
BRDA:268,28,0,2
BRDA:268,28,1,7
BRDA:279,29,0,0
BRDA:280,30,0,0
BRDA:280,30,1,0
BRDA:286,31,0,0
BRDA:286,31,1,0
BRDA:294,32,0,0
BRDA:294,32,1,0
BRDA:294,33,0,0
BRDA:294,33,1,0
BRDA:294,33,2,0
BRDA:300,34,0,0
BRDA:300,34,1,0
BRDA:312,35,0,0
BRDA:312,35,1,0
BRDA:362,36,0,2
BRDA:363,37,0,2
BRDA:363,37,1,4
BRDA:363,38,0,6
BRDA:363,38,1,5
BRDA:371,39,0,3
BRDA:371,39,1,1
BRDA:423,40,0,0
BRDA:423,40,1,1
BRDA:442,41,0,0
BRDA:442,41,1,1
BRDA:444,42,0,0
BRDA:444,42,1,1
BRDA:445,43,0,0
BRDA:445,43,1,1
BRDA:447,44,0,0
BRDA:447,44,1,1
BRDA:493,45,0,0
BRDA:493,45,1,7
BRDA:499,46,0,3
BRDA:499,46,1,1
BRDA:511,47,0,1
BRDA:511,47,1,0
BRDA:519,48,0,1
BRDA:519,48,1,1
BRDA:524,49,0,1
BRDA:524,49,1,0
BRDA:532,50,0,0
BRDA:532,50,1,3
BRDA:545,51,0,3
BRDA:545,51,1,0
BRDA:545,52,0,3
BRDA:545,52,1,3
BRDA:569,53,0,0
BRDA:569,53,1,3
BRDA:569,54,0,3
BRDA:569,54,1,3
BRDA:578,55,0,2
BRDA:578,55,1,2
BRDA:586,56,0,0
BRDA:586,56,1,3
BRDA:601,57,0,1
BRDA:601,57,1,0
BRDA:636,58,0,1
BRDA:636,58,1,0
BRDA:640,59,0,1
BRDA:640,59,1,0
BRDA:642,60,0,1
BRDA:642,60,1,1
BRDA:654,61,0,0
BRDA:654,61,1,1
BRDA:677,62,0,0
BRDA:677,62,1,1
BRDA:680,63,0,0
BRDA:680,63,1,1
BRDA:702,64,0,2
BRDA:702,64,1,0
BRDA:705,65,0,2
BRDA:705,65,1,0
BRDA:721,66,0,0
BRDA:721,66,1,0
BRDA:728,67,0,0
BRDA:728,67,1,0
BRDA:734,68,0,4
BRDA:735,69,0,1
BRDA:735,69,1,3
BRDA:741,70,0,0
BRDA:741,70,1,3
BRDA:749,71,0,0
BRDA:749,71,1,4
BRDA:749,72,0,4
BRDA:749,72,1,4
BRDA:749,72,2,4
BRDA:755,73,0,3
BRDA:755,73,1,1
BRDA:769,74,0,0
BRDA:769,74,1,1
BRDA:829,75,0,0
BRDA:829,75,1,2
BRDA:829,76,0,2
BRDA:829,76,1,2
BRDA:829,76,2,2
BRDA:839,77,0,0
BRDA:839,77,1,1
BRDA:847,78,0,0
BRDA:847,78,1,0
BRF:159
BRH:81
end_of_record
